<?xml version="1.0" encoding="UTF-8"?>
<coverage generated="1626378045471" clover="3.2.0">
  <project timestamp="1626378045471" name="All files">
    <metrics statements="23" coveredstatements="21" conditionals="14" coveredconditionals="11" methods="2" coveredmethods="2" elements="39" coveredelements="34" complexity="0" loc="23" ncloc="23" packages="1" files="1" classes="1"/>
    <file name="server.js" path="/Users/rempowa/Documents/Développement/Tests-Techniques/Fasterize/back/server.js">
      <metrics statements="23" coveredstatements="21" conditionals="14" coveredconditionals="11" methods="2" coveredmethods="2"/>
      <line num="1" count="1" type="stmt"/>
      <line num="2" count="1" type="stmt"/>
      <line num="3" count="1" type="stmt"/>
      <line num="4" count="1" type="stmt"/>
      <line num="5" count="1" type="stmt"/>
      <line num="7" count="1" type="stmt"/>
      <line num="8" count="1" type="stmt"/>
      <line num="10" count="1" type="stmt"/>
      <line num="11" count="5" type="cond" truecount="2" falsecount="0"/>
      <line num="12" count="4" type="stmt"/>
      <line num="13" count="4" type="stmt"/>
      <line num="15" count="4" type="cond" truecount="2" falsecount="0"/>
      <line num="23" count="1" type="stmt"/>
      <line num="28" count="3" type="stmt"/>
      <line num="30" count="6" type="stmt"/>
      <line num="33" count="3" type="stmt"/>
      <line num="34" count="3" type="stmt"/>
      <line num="37" count="3" type="stmt"/>
      <line num="41" count="0" type="cond" truecount="0" falsecount="2"/>
      <line num="49" count="3" type="stmt"/>
      <line num="60" count="0" type="stmt"/>
      <line num="68" count="1" type="stmt"/>
      <line num="76" count="1" type="stmt"/>
    </file>
  </project>
</coverage>
