{"/Users/rempowa/Documents/Développement/Tests-Techniques/Fasterize/back/server.js": {"path":"/Users/rempowa/Documents/Développement/Tests-Techniques/Fasterize/back/server.js","statementMap":{"0":{"start":{"line":1,"column":16},"end":{"line":1,"column":34}},"1":{"start":{"line":2,"column":29},"end":{"line":2,"column":58}},"2":{"start":{"line":3,"column":14},"end":{"line":3,"column":30}},"3":{"start":{"line":4,"column":16},"end":{"line":4,"column":38}},"4":{"start":{"line":5,"column":18},"end":{"line":5,"column":45}},"5":{"start":{"line":7,"column":12},"end":{"line":7,"column":21}},"6":{"start":{"line":8,"column":0},"end":{"line":8,"column":32}},"7":{"start":{"line":10,"column":0},"end":{"line":74,"column":3}},"8":{"start":{"line":11,"column":2},"end":{"line":73,"column":3}},"9":{"start":{"line":12,"column":4},"end":{"line":66,"column":5}},"10":{"start":{"line":13,"column":23},"end":{"line":13,"column":54}},"11":{"start":{"line":15,"column":6},"end":{"line":26,"column":7}},"12":{"start":{"line":23,"column":8},"end":{"line":25,"column":11}},"13":{"start":{"line":28,"column":27},"end":{"line":30,"column":51}},"14":{"start":{"line":30,"column":23},"end":{"line":30,"column":50}},"15":{"start":{"line":33,"column":6},"end":{"line":47,"column":7}},"16":{"start":{"line":34,"column":24},"end":{"line":36,"column":9}},"17":{"start":{"line":37,"column":8},"end":{"line":39,"column":18}},"18":{"start":{"line":41,"column":8},"end":{"line":46,"column":21}},"19":{"start":{"line":49,"column":6},"end":{"line":58,"column":9}},"20":{"start":{"line":60,"column":6},"end":{"line":65,"column":9}},"21":{"start":{"line":68,"column":4},"end":{"line":72,"column":7}},"22":{"start":{"line":76,"column":0},"end":{"line":76,"column":21}}},"fnMap":{"0":{"name":"(anonymous_0)","decl":{"start":{"line":10,"column":20},"end":{"line":10,"column":21}},"loc":{"start":{"line":10,"column":40},"end":{"line":74,"column":1}},"line":10},"1":{"name":"(anonymous_1)","decl":{"start":{"line":30,"column":13},"end":{"line":30,"column":14}},"loc":{"start":{"line":30,"column":23},"end":{"line":30,"column":50}},"line":30}},"branchMap":{"0":{"loc":{"start":{"line":11,"column":2},"end":{"line":73,"column":3}},"type":"if","locations":[{"start":{"line":11,"column":2},"end":{"line":73,"column":3}},{"start":{"line":11,"column":2},"end":{"line":73,"column":3}}],"line":11},"1":{"loc":{"start":{"line":15,"column":6},"end":{"line":26,"column":7}},"type":"if","locations":[{"start":{"line":15,"column":6},"end":{"line":26,"column":7}},{"start":{"line":15,"column":6},"end":{"line":26,"column":7}}],"line":15},"2":{"loc":{"start":{"line":16,"column":8},"end":{"line":21,"column":41}},"type":"binary-expr","locations":[{"start":{"line":16,"column":8},"end":{"line":16,"column":25}},{"start":{"line":17,"column":8},"end":{"line":17,"column":36}},{"start":{"line":18,"column":8},"end":{"line":18,"column":37}},{"start":{"line":19,"column":8},"end":{"line":19,"column":35}},{"start":{"line":20,"column":8},"end":{"line":20,"column":36}},{"start":{"line":21,"column":8},"end":{"line":21,"column":41}}],"line":16},"3":{"loc":{"start":{"line":41,"column":19},"end":{"line":46,"column":20}},"type":"cond-expr","locations":[{"start":{"line":44,"column":12},"end":{"line":45,"column":19}},{"start":{"line":46,"column":12},"end":{"line":46,"column":20}}],"line":41},"4":{"loc":{"start":{"line":53,"column":27},"end":{"line":55,"column":17}},"type":"cond-expr","locations":[{"start":{"line":54,"column":12},"end":{"line":54,"column":18}},{"start":{"line":55,"column":12},"end":{"line":55,"column":17}}],"line":53}},"s":{"0":1,"1":1,"2":1,"3":1,"4":1,"5":1,"6":1,"7":1,"8":5,"9":4,"10":4,"11":4,"12":1,"13":3,"14":6,"15":3,"16":3,"17":3,"18":0,"19":3,"20":0,"21":1,"22":1},"f":{"0":5,"1":6},"b":{"0":[4,1],"1":[1,3],"2":[4,4,3,3,3,3],"3":[0,0],"4":[3,0]},"_coverageSchema":"1a1c01bbd47fc00a2c39e90264f33305004495a9","hash":"c6ee64db144b5dff481bae638b04fc16771d1505"}
}
