TN:
SF:server.js
FN:10,(anonymous_0)
FN:30,(anonymous_1)
FNF:2
FNH:2
FNDA:5,(anonymous_0)
FNDA:6,(anonymous_1)
DA:1,1
DA:2,1
DA:3,1
DA:4,1
DA:5,1
DA:7,1
DA:8,1
DA:10,1
DA:11,5
DA:12,4
DA:13,4
DA:15,4
DA:23,1
DA:28,3
DA:30,6
DA:33,3
DA:34,3
DA:37,3
DA:41,0
DA:49,3
DA:60,0
DA:68,1
DA:76,1
LF:23
LH:21
BRDA:11,0,0,4
BRDA:11,0,1,1
BRDA:15,1,0,1
BRDA:15,1,1,3
BRDA:16,2,0,4
BRDA:16,2,1,4
BRDA:16,2,2,3
BRDA:16,2,3,3
BRDA:16,2,4,3
BRDA:16,2,5,3
BRDA:41,3,0,0
BRDA:41,3,1,0
BRDA:53,4,0,3
BRDA:53,4,1,0
BRF:14
BRH:11
end_of_record
